CNN_feat2d.py | 2019-04-30 05:35:53,199 | INFO | COMMAND=python CNN_feat2d.py --l1l2 l2(0.01) -b 800 -e 40 -f 150 -la 24 -n1 456 -n2 0 -p 6
CNN_feat2d.py | 2019-04-30 05:35:54,779 | INFO | UUID=6bdc8c0-aea220ba-2d7c-4793-b2da-6c9ce23f1886
CNN_feat2d.py | 2019-04-30 05:35:54,781 | INFO | SPLIT=0.8
CNN_feat2d.py | 2019-04-30 05:35:54,781 | INFO | BATCH_SIZE=800
CNN_feat2d.py | 2019-04-30 05:35:54,781 | INFO | EPOCHS=40
CNN_feat2d.py | 2019-04-30 05:35:54,781 | INFO | PATIENCE=6
CNN_feat2d.py | 2019-04-30 05:35:54,781 | INFO | X_FREQ=1
CNN_feat2d.py | 2019-04-30 05:35:54,782 | INFO | LOOK_AHEAD=24
CNN_feat2d.py | 2019-04-30 05:35:54,782 | INFO | FILTERS=150
CNN_feat2d.py | 2019-04-30 05:35:54,782 | INFO | KERNEL_SIZE=6
CNN_feat2d.py | 2019-04-30 05:35:54,782 | INFO | L1L2=<tensorflow.python.keras.regularizers.L1L2 object at 0x7f0c8493a320>
CNN_feat2d.py | 2019-04-30 05:35:54,782 | INFO | CELLS_D1=456
CNN_feat2d.py | 2019-04-30 05:35:54,782 | INFO | CELLS_D2=None
CNN_feat2d.py | 2019-04-30 05:35:54,782 | INFO | NEURONS_OUT=1
tensorflow | 2019-04-30 05:35:54,812 | WARNING | From /root/miniconda3/envs/river/lib/python3.6/site-packages/tensorflow/python/ops/resource_variable_ops.py:435: colocate_with (from tensorflow.python.framework.ops) is deprecated and will be removed in a future version.
Instructions for updating:
Colocations handled automatically by placer.
tensorflow | 2019-04-30 05:35:54,903 | WARNING | From /root/miniconda3/envs/river/lib/python3.6/site-packages/tensorflow/python/keras/utils/losses_utils.py:170: to_float (from tensorflow.python.ops.math_ops) is deprecated and will be removed in a future version.
Instructions for updating:
Use tf.cast instead.
tensorflow | 2019-04-30 05:35:55,084 | WARNING | From /root/miniconda3/envs/river/lib/python3.6/site-packages/tensorflow/python/ops/math_ops.py:3066: to_int32 (from tensorflow.python.ops.math_ops) is deprecated and will be removed in a future version.
Instructions for updating:
Use tf.cast instead.
CNN_feat2d.py | 2019-04-30 05:36:31,087 | INFO | SCORE_TRAIN=0.007757553830742836
CNN_feat2d.py | 2019-04-30 05:36:31,087 | INFO | SCORE_TEST=0.009845245629549026
CNN_feat2d.py | 2019-04-30 05:36:31,087 | INFO | fname=CNN-24-6bdc8c0-aea220ba-2d7c-4793-b2da-6c9ce23f1886-20190430-053631-0.0078-0.0098
