CNN_feat2d.py | 2019-04-30 12:55:51,090 | INFO | COMMAND=python CNN_feat2d.py --l1l2 l2(0.01) -b 1824 -e 40 -f 158 -la 48 -n1 400 -n2 0 -p 6
CNN_feat2d.py | 2019-04-30 12:55:52,692 | INFO | UUID=8be1e2b-74816a78-f7dd-470e-a822-51f872d85fa3
CNN_feat2d.py | 2019-04-30 12:55:52,693 | INFO | SPLIT=0.8
CNN_feat2d.py | 2019-04-30 12:55:52,693 | INFO | BATCH_SIZE=1824
CNN_feat2d.py | 2019-04-30 12:55:52,693 | INFO | EPOCHS=40
CNN_feat2d.py | 2019-04-30 12:55:52,693 | INFO | PATIENCE=6
CNN_feat2d.py | 2019-04-30 12:55:52,693 | INFO | X_FREQ=1
CNN_feat2d.py | 2019-04-30 12:55:52,693 | INFO | LOOK_AHEAD=48
CNN_feat2d.py | 2019-04-30 12:55:52,693 | INFO | FILTERS=158
CNN_feat2d.py | 2019-04-30 12:55:52,693 | INFO | KERNEL_SIZE=6
CNN_feat2d.py | 2019-04-30 12:55:52,693 | INFO | L1L2=<tensorflow.python.keras.regularizers.L1L2 object at 0x7f8a9f81c358>
CNN_feat2d.py | 2019-04-30 12:55:52,693 | INFO | CELLS_D1=400
CNN_feat2d.py | 2019-04-30 12:55:52,693 | INFO | CELLS_D2=None
CNN_feat2d.py | 2019-04-30 12:55:52,693 | INFO | NEURONS_OUT=1
tensorflow | 2019-04-30 12:55:52,744 | WARNING | From /root/miniconda3/envs/river/lib/python3.6/site-packages/tensorflow/python/ops/resource_variable_ops.py:435: colocate_with (from tensorflow.python.framework.ops) is deprecated and will be removed in a future version.
Instructions for updating:
Colocations handled automatically by placer.
tensorflow | 2019-04-30 12:55:52,905 | WARNING | From /root/miniconda3/envs/river/lib/python3.6/site-packages/tensorflow/python/keras/utils/losses_utils.py:170: to_float (from tensorflow.python.ops.math_ops) is deprecated and will be removed in a future version.
Instructions for updating:
Use tf.cast instead.
tensorflow | 2019-04-30 12:55:53,117 | WARNING | From /root/miniconda3/envs/river/lib/python3.6/site-packages/tensorflow/python/ops/math_ops.py:3066: to_int32 (from tensorflow.python.ops.math_ops) is deprecated and will be removed in a future version.
Instructions for updating:
Use tf.cast instead.
CNN_feat2d.py | 2019-04-30 12:56:27,326 | INFO | SCORE_TRAIN=0.04413281008601189
CNN_feat2d.py | 2019-04-30 12:56:27,326 | INFO | SCORE_TEST=0.050840359181165695
CNN_feat2d.py | 2019-04-30 12:56:27,326 | INFO | fname=CNN-48-8be1e2b-74816a78-f7dd-470e-a822-51f872d85fa3-20190430-125627-0.0441-0.0508
